<?xml version="1.0" encoding="UTF-8"?>
<!-- Generated by org.testng.reporters.JUnitXMLReporter -->
<testsuite ignored="1" hostname="DESKTOP-JN45AET" failures="0" tests="1" name="Default test" time="27.792" errors="0" timestamp="2024-01-30T15:27:02 IST">
  <testcase classname="testScripts.CPuserRegistration" name="cpOnboardingwithExisting" time="22.876"/>
  <testcase classname="testScripts.CPuserRegistration" name="cpOnboardingwithNew" time="0.0">
    <ignored/>
  </testcase> <!-- cpOnboardingwithNew -->
</testsuite> <!-- Default test -->
