<?xml version="1.0" encoding="UTF-8"?>
<!-- Generated by org.testng.reporters.JUnitXMLReporter -->
<testsuite ignored="1" hostname="DESKTOP-JN45AET" failures="0" tests="1" name="Default test" time="71.333" errors="0" timestamp="2024-02-01T13:40:33 IST">
  <testcase classname="testScripts.CPuserRegistration" name="cpOnboardingwithNew" time="64.324"/>
  <testcase classname="testScripts.CPuserRegistration" name="cpOnboardingwithExisting" time="0.0">
    <ignored/>
  </testcase> <!-- cpOnboardingwithExisting -->
</testsuite> <!-- Default test -->
