<?xml version="1.0" encoding="UTF-8"?>
<!-- Generated by org.testng.reporters.JUnitXMLReporter -->
<testsuite ignored="0" hostname="DESKTOP-JN45AET" failures="10" tests="29" name="Test" time="1008.08" errors="0" timestamp="2024-01-30T09:35:35 IST">
  <testcase classname="testScripts.CPuserRegistration" name="cpOnboardingwithExisting" time="21.735"/>
  <testcase classname="testScripts.CPuserRegistration" name="cpOnboardingwithNew" time="48.477"/>
  <testcase classname="testScripts.DsmActions" name="bookingActions" time="9.508"/>
  <testcase classname="testScripts.DsmActions" name="walkinActions" time="11.502"/>
  <testcase classname="testScripts.FiltersonBookingPage" name="TC01" time="26.345"/>
  <testcase classname="testScripts.AddUsers" name="addUsers" time="32.312">
    <failure type="org.openqa.selenium.TimeoutException" message="Expected condition failed: waiting for element to be clickable: Proxy element for: DefaultElementLocator &amp;apos;By.xpath: user_project_ids-selectized&amp;apos; (tried for 5 second(s) with 500 milliseconds interval)">
      <![CDATA[org.openqa.selenium.TimeoutException: Expected condition failed: waiting for element to be clickable: Proxy element for: DefaultElementLocator 'By.xpath: user_project_ids-selectized' (tried for 5 second(s) with 500 milliseconds interval)
at org.openqa.selenium.support.ui.WebDriverWait.timeoutException(WebDriverWait.java:84)
at org.openqa.selenium.support.ui.FluentWait.until(FluentWait.java:228)
at pom.beyondwalls.utility.ReusableUtils.waitUntilClickable(ReusableUtils.java:217)
at pom.userActions.UserCreation.selectProject(UserCreation.java:115)
at testScripts.AddUsers.addUsers(AddUsers.java:58)
at java.base/java.util.ArrayList.forEach(ArrayList.java:1511)
Caused by: org.openqa.selenium.NoSuchElementException: no such element: Unable to locate element: {"method":"xpath","selector":"user_project_ids-selectized"}
  (Session info: chrome=120.0.6099.225)
For documentation on this error, please visit: https://www.selenium.dev/documentation/webdriver/troubleshooting/errors#no-such-element-exception
Build info: version: '4.17.0', revision: 'e52b1be057*'
System info: os.name: 'Windows 11', os.arch: 'amd64', os.version: '10.0', java.version: '19'
Driver info: org.openqa.selenium.chrome.ChromeDriver
Command: [dbe1d8acf493b4ecd3d5bcc4a88c1b23, findElement {using=xpath, value=user_project_ids-selectized}]
Capabilities {acceptInsecureCerts: false, browserName: chrome, browserVersion: 120.0.6099.225, chrome: {chromedriverVersion: 120.0.6099.109 (3419140ab66..., userDataDir: C:\Users\SIF-L\AppData\Loca...}, fedcm:accounts: true, goog:chromeOptions: {debuggerAddress: localhost:53084}, networkConnectionEnabled: false, pageLoadStrategy: normal, platformName: windows, proxy: Proxy(), se:cdp: ws://localhost:53084/devtoo..., se:cdpVersion: 120.0.6099.225, setWindowRect: true, strictFileInteractability: false, timeouts: {implicit: 0, pageLoad: 300000, script: 30000}, unhandledPromptBehavior: dismiss and notify, webauthn:extension:credBlob: true, webauthn:extension:largeBlob: true, webauthn:extension:minPinLength: true, webauthn:extension:prf: true, webauthn:virtualAuthenticators: true}
Session ID: dbe1d8acf493b4ecd3d5bcc4a88c1b23
at org.openqa.selenium.remote.codec.w3c.W3CHttpResponseCodec.createException(W3CHttpResponseCodec.java:185)
at org.openqa.selenium.remote.codec.w3c.W3CHttpResponseCodec.decode(W3CHttpResponseCodec.java:134)
at org.openqa.selenium.remote.codec.w3c.W3CHttpResponseCodec.decode(W3CHttpResponseCodec.java:51)
at org.openqa.selenium.remote.HttpCommandExecutor.execute(HttpCommandExecutor.java:190)
at org.openqa.selenium.remote.service.DriverCommandExecutor.invokeExecute(DriverCommandExecutor.java:216)
at org.openqa.selenium.remote.service.DriverCommandExecutor.execute(DriverCommandExecutor.java:174)
at org.openqa.selenium.remote.RemoteWebDriver.execute(RemoteWebDriver.java:519)
at org.openqa.selenium.remote.ElementLocation$ElementFinder$2.findElement(ElementLocation.java:165)
at org.openqa.selenium.remote.ElementLocation.findElement(ElementLocation.java:59)
at org.openqa.selenium.remote.RemoteWebDriver.findElement(RemoteWebDriver.java:356)
at org.openqa.selenium.remote.RemoteWebDriver.findElement(RemoteWebDriver.java:350)
at org.openqa.selenium.support.pagefactory.DefaultElementLocator.findElement(DefaultElementLocator.java:68)
at org.openqa.selenium.support.pagefactory.internal.LocatingElementHandler.invoke(LocatingElementHandler.java:38)
at jdk.proxy2/jdk.proxy2.$Proxy12.isDisplayed(Unknown Source)
at org.openqa.selenium.support.ui.ExpectedConditions.elementIfVisible(ExpectedConditions.java:304)
at org.openqa.selenium.support.ui.ExpectedConditions$10.apply(ExpectedConditions.java:290)
at org.openqa.selenium.support.ui.ExpectedConditions$10.apply(ExpectedConditions.java:287)
at org.openqa.selenium.support.ui.ExpectedConditions$23.apply(ExpectedConditions.java:656)
at org.openqa.selenium.support.ui.ExpectedConditions$23.apply(ExpectedConditions.java:652)
at org.openqa.selenium.support.ui.FluentWait.until(FluentWait.java:203)
... 29 more
... Removed 28 stack frames]]>
    </failure>
  </testcase> <!-- addUsers -->
  <testcase classname="testScripts.AddUsers" name="logIn" time="3.606"/>
  <testcase classname="testScripts.FiltersonProjectPage" name="checkFilters" time="45.514">
    <failure type="org.openqa.selenium.TimeoutException" message="Expected condition failed: waiting for element to be clickable: [[ChromeDriver: chrome on windows (47f1e685dd3277eceb32d07a9a6670bc)] -&amp;gt; xpath: //input[@id=&amp;apos;fltrs_possession&amp;apos;]] (tried for 5 second(s) with 500 milliseconds interval)
Build info: version: &amp;apos;4.17.0&amp;apos;, revision: &amp;apos;e52b1be057*&amp;apos;
System info: os.name: &amp;apos;Windows 11&amp;apos;, os.arch: &amp;apos;amd64&amp;apos;, os.version: &amp;apos;10.0&amp;apos;, java.version: &amp;apos;19&amp;apos;
Driver info: org.openqa.selenium.chrome.ChromeDriver
Capabilities {acceptInsecureCerts: false, browserName: chrome, browserVersion: 120.0.6099.225, chrome: {chromedriverVersion: 120.0.6099.109 (3419140ab66..., userDataDir: C:\Users\SIF-L\AppData\Loca...}, fedcm:accounts: true, goog:chromeOptions: {debuggerAddress: localhost:53197}, networkConnectionEnabled: false, pageLoadStrategy: normal, platformName: windows, proxy: Proxy(), se:cdp: ws://localhost:53197/devtoo..., se:cdpVersion: 120.0.6099.225, setWindowRect: true, strictFileInteractability: false, timeouts: {implicit: 0, pageLoad: 300000, script: 30000}, unhandledPromptBehavior: dismiss and notify, webauthn:extension:credBlob: true, webauthn:extension:largeBlob: true, webauthn:extension:minPinLength: true, webauthn:extension:prf: true, webauthn:virtualAuthenticators: true}
Session ID: 47f1e685dd3277eceb32d07a9a6670bc">
      <![CDATA[org.openqa.selenium.TimeoutException: Expected condition failed: waiting for element to be clickable: [[ChromeDriver: chrome on windows (47f1e685dd3277eceb32d07a9a6670bc)] -> xpath: //input[@id='fltrs_possession']] (tried for 5 second(s) with 500 milliseconds interval)
Build info: version: '4.17.0', revision: 'e52b1be057*'
System info: os.name: 'Windows 11', os.arch: 'amd64', os.version: '10.0', java.version: '19'
Driver info: org.openqa.selenium.chrome.ChromeDriver
Capabilities {acceptInsecureCerts: false, browserName: chrome, browserVersion: 120.0.6099.225, chrome: {chromedriverVersion: 120.0.6099.109 (3419140ab66..., userDataDir: C:\Users\SIF-L\AppData\Loca...}, fedcm:accounts: true, goog:chromeOptions: {debuggerAddress: localhost:53197}, networkConnectionEnabled: false, pageLoadStrategy: normal, platformName: windows, proxy: Proxy(), se:cdp: ws://localhost:53197/devtoo..., se:cdpVersion: 120.0.6099.225, setWindowRect: true, strictFileInteractability: false, timeouts: {implicit: 0, pageLoad: 300000, script: 30000}, unhandledPromptBehavior: dismiss and notify, webauthn:extension:credBlob: true, webauthn:extension:largeBlob: true, webauthn:extension:minPinLength: true, webauthn:extension:prf: true, webauthn:virtualAuthenticators: true}
Session ID: 47f1e685dd3277eceb32d07a9a6670bc
at org.openqa.selenium.support.ui.WebDriverWait.timeoutException(WebDriverWait.java:84)
at org.openqa.selenium.support.ui.FluentWait.until(FluentWait.java:228)
at pom.beyondwalls.utility.ReusableUtils.waitUntilClickable(ReusableUtils.java:217)
at pom.userActions.FiltersonProjectListing.enterpossessionDate(FiltersonProjectListing.java:126)
at testScripts.FiltersonProjectPage.checkFilters(FiltersonProjectPage.java:34)
at java.base/java.util.ArrayList.forEach(ArrayList.java:1511)
... Removed 25 stack frames]]>
    </failure>
  </testcase> <!-- checkFilters -->
  <testcase classname="testScripts.FiltersonProjectPage" name="checkInactiveProjects" time="59.494"/>
  <testcase classname="testScripts.FiltersonProjectPage" name="checkPossessionDate" time="17.524"/>
  <testcase classname="testScripts.UserLogin" name="logIn" time="68.466">
    <failure type="org.openqa.selenium.NoSuchElementException" message="no such element: Unable to locate element: {&amp;quot;method&amp;quot;:&amp;quot;xpath&amp;quot;,&amp;quot;selector&amp;quot;:&amp;quot;//div[@class=&amp;apos;noty-info ms-3&amp;apos;]&amp;quot;}
  (Session info: chrome=120.0.6099.225)
For documentation on this error, please visit: https://www.selenium.dev/documentation/webdriver/troubleshooting/errors#no-such-element-exception
Build info: version: &amp;apos;4.17.0&amp;apos;, revision: &amp;apos;e52b1be057*&amp;apos;
System info: os.name: &amp;apos;Windows 11&amp;apos;, os.arch: &amp;apos;amd64&amp;apos;, os.version: &amp;apos;10.0&amp;apos;, java.version: &amp;apos;19&amp;apos;
Driver info: org.openqa.selenium.chrome.ChromeDriver
Command: [c382c9060c323d4e78a3c281955ca3f7, findElement {using=xpath, value=//div[@class=&amp;apos;noty-info ms-3&amp;apos;]}]
Capabilities {acceptInsecureCerts: false, browserName: chrome, browserVersion: 120.0.6099.225, chrome: {chromedriverVersion: 120.0.6099.109 (3419140ab66..., userDataDir: C:\Users\SIF-L\AppData\Loca...}, fedcm:accounts: true, goog:chromeOptions: {debuggerAddress: localhost:53472}, networkConnectionEnabled: false, pageLoadStrategy: normal, platformName: windows, proxy: Proxy(), se:cdp: ws://localhost:53472/devtoo..., se:cdpVersion: 120.0.6099.225, setWindowRect: true, strictFileInteractability: false, timeouts: {implicit: 0, pageLoad: 300000, script: 30000}, unhandledPromptBehavior: dismiss and notify, webauthn:extension:credBlob: true, webauthn:extension:largeBlob: true, webauthn:extension:minPinLength: true, webauthn:extension:prf: true, webauthn:virtualAuthenticators: true}
Session ID: c382c9060c323d4e78a3c281955ca3f7">
      <![CDATA[org.openqa.selenium.NoSuchElementException: no such element: Unable to locate element: {"method":"xpath","selector":"//div[@class='noty-info ms-3']"}
  (Session info: chrome=120.0.6099.225)
For documentation on this error, please visit: https://www.selenium.dev/documentation/webdriver/troubleshooting/errors#no-such-element-exception
Build info: version: '4.17.0', revision: 'e52b1be057*'
System info: os.name: 'Windows 11', os.arch: 'amd64', os.version: '10.0', java.version: '19'
Driver info: org.openqa.selenium.chrome.ChromeDriver
Command: [c382c9060c323d4e78a3c281955ca3f7, findElement {using=xpath, value=//div[@class='noty-info ms-3']}]
Capabilities {acceptInsecureCerts: false, browserName: chrome, browserVersion: 120.0.6099.225, chrome: {chromedriverVersion: 120.0.6099.109 (3419140ab66..., userDataDir: C:\Users\SIF-L\AppData\Loca...}, fedcm:accounts: true, goog:chromeOptions: {debuggerAddress: localhost:53472}, networkConnectionEnabled: false, pageLoadStrategy: normal, platformName: windows, proxy: Proxy(), se:cdp: ws://localhost:53472/devtoo..., se:cdpVersion: 120.0.6099.225, setWindowRect: true, strictFileInteractability: false, timeouts: {implicit: 0, pageLoad: 300000, script: 30000}, unhandledPromptBehavior: dismiss and notify, webauthn:extension:credBlob: true, webauthn:extension:largeBlob: true, webauthn:extension:minPinLength: true, webauthn:extension:prf: true, webauthn:virtualAuthenticators: true}
Session ID: c382c9060c323d4e78a3c281955ca3f7
at org.openqa.selenium.remote.codec.w3c.W3CHttpResponseCodec.createException(W3CHttpResponseCodec.java:185)
at org.openqa.selenium.remote.codec.w3c.W3CHttpResponseCodec.decode(W3CHttpResponseCodec.java:134)
at org.openqa.selenium.remote.codec.w3c.W3CHttpResponseCodec.decode(W3CHttpResponseCodec.java:51)
at org.openqa.selenium.remote.HttpCommandExecutor.execute(HttpCommandExecutor.java:190)
at org.openqa.selenium.remote.service.DriverCommandExecutor.invokeExecute(DriverCommandExecutor.java:216)
at org.openqa.selenium.remote.service.DriverCommandExecutor.execute(DriverCommandExecutor.java:174)
at org.openqa.selenium.remote.RemoteWebDriver.execute(RemoteWebDriver.java:519)
at org.openqa.selenium.remote.ElementLocation$ElementFinder$2.findElement(ElementLocation.java:165)
at org.openqa.selenium.remote.ElementLocation.findElement(ElementLocation.java:59)
at org.openqa.selenium.remote.RemoteWebDriver.findElement(RemoteWebDriver.java:356)
at org.openqa.selenium.remote.RemoteWebDriver.findElement(RemoteWebDriver.java:350)
at testScripts.UserLogin.logIn(UserLogin.java:30)
at java.base/java.util.ArrayList.forEach(ArrayList.java:1511)
... Removed 28 stack frames]]>
    </failure>
  </testcase> <!-- logIn -->
  <testcase classname="testScripts.RechargeWallet" name="TC01" time="10.216">
    <failure type="org.openqa.selenium.ElementNotInteractableException" message="element not interactable
  (Session info: chrome=120.0.6099.225)
Build info: version: &amp;apos;4.17.0&amp;apos;, revision: &amp;apos;e52b1be057*&amp;apos;
System info: os.name: &amp;apos;Windows 11&amp;apos;, os.arch: &amp;apos;amd64&amp;apos;, os.version: &amp;apos;10.0&amp;apos;, java.version: &amp;apos;19&amp;apos;
Driver info: org.openqa.selenium.chrome.ChromeDriver
Command: [ff7bd86fe152e53f02c550ffe66d8428, sendKeysToElement {id=29BCBF6FB84596799A51D6C0FF2808D9_element_105, value=[Ljava.lang.CharSequence;@3549c070}]
Capabilities {acceptInsecureCerts: false, browserName: chrome, browserVersion: 120.0.6099.225, chrome: {chromedriverVersion: 120.0.6099.109 (3419140ab66..., userDataDir: C:\Users\SIF-L\AppData\Loca...}, fedcm:accounts: true, goog:chromeOptions: {debuggerAddress: localhost:53577}, networkConnectionEnabled: false, pageLoadStrategy: normal, platformName: windows, proxy: Proxy(), se:cdp: ws://localhost:53577/devtoo..., se:cdpVersion: 120.0.6099.225, setWindowRect: true, strictFileInteractability: false, timeouts: {implicit: 0, pageLoad: 300000, script: 30000}, unhandledPromptBehavior: dismiss and notify, webauthn:extension:credBlob: true, webauthn:extension:largeBlob: true, webauthn:extension:minPinLength: true, webauthn:extension:prf: true, webauthn:virtualAuthenticators: true}
Element: [[ChromeDriver: chrome on windows (ff7bd86fe152e53f02c550ffe66d8428)] -&amp;gt; xpath: ((//form[@id=&amp;apos;wallet_receipt_form&amp;apos;]/div)[1]/div/div)[1]]
Session ID: ff7bd86fe152e53f02c550ffe66d8428">
      <![CDATA[org.openqa.selenium.ElementNotInteractableException: element not interactable
  (Session info: chrome=120.0.6099.225)
Build info: version: '4.17.0', revision: 'e52b1be057*'
System info: os.name: 'Windows 11', os.arch: 'amd64', os.version: '10.0', java.version: '19'
Driver info: org.openqa.selenium.chrome.ChromeDriver
Command: [ff7bd86fe152e53f02c550ffe66d8428, sendKeysToElement {id=29BCBF6FB84596799A51D6C0FF2808D9_element_105, value=[Ljava.lang.CharSequence;@3549c070}]
Capabilities {acceptInsecureCerts: false, browserName: chrome, browserVersion: 120.0.6099.225, chrome: {chromedriverVersion: 120.0.6099.109 (3419140ab66..., userDataDir: C:\Users\SIF-L\AppData\Loca...}, fedcm:accounts: true, goog:chromeOptions: {debuggerAddress: localhost:53577}, networkConnectionEnabled: false, pageLoadStrategy: normal, platformName: windows, proxy: Proxy(), se:cdp: ws://localhost:53577/devtoo..., se:cdpVersion: 120.0.6099.225, setWindowRect: true, strictFileInteractability: false, timeouts: {implicit: 0, pageLoad: 300000, script: 30000}, unhandledPromptBehavior: dismiss and notify, webauthn:extension:credBlob: true, webauthn:extension:largeBlob: true, webauthn:extension:minPinLength: true, webauthn:extension:prf: true, webauthn:virtualAuthenticators: true}
Element: [[ChromeDriver: chrome on windows (ff7bd86fe152e53f02c550ffe66d8428)] -> xpath: ((//form[@id='wallet_receipt_form']/div)[1]/div/div)[1]]
Session ID: ff7bd86fe152e53f02c550ffe66d8428
at org.openqa.selenium.remote.codec.w3c.W3CHttpResponseCodec.createException(W3CHttpResponseCodec.java:185)
at org.openqa.selenium.remote.codec.w3c.W3CHttpResponseCodec.decode(W3CHttpResponseCodec.java:134)
at org.openqa.selenium.remote.codec.w3c.W3CHttpResponseCodec.decode(W3CHttpResponseCodec.java:51)
at org.openqa.selenium.remote.HttpCommandExecutor.execute(HttpCommandExecutor.java:190)
at org.openqa.selenium.remote.service.DriverCommandExecutor.invokeExecute(DriverCommandExecutor.java:216)
at org.openqa.selenium.remote.service.DriverCommandExecutor.execute(DriverCommandExecutor.java:174)
at org.openqa.selenium.remote.RemoteWebDriver.execute(RemoteWebDriver.java:519)
at org.openqa.selenium.remote.RemoteWebElement.execute(RemoteWebElement.java:223)
at org.openqa.selenium.remote.RemoteWebElement.sendKeys(RemoteWebElement.java:110)
at org.openqa.selenium.support.pagefactory.internal.LocatingElementHandler.invoke(LocatingElementHandler.java:51)
at jdk.proxy2/jdk.proxy2.$Proxy12.sendKeys(Unknown Source)
at pom.userActions.WalletRecharge.selectPaymentMode(WalletRecharge.java:144)
at testScripts.RechargeWallet.TC01(RechargeWallet.java:30)
at java.base/java.util.ArrayList.forEach(ArrayList.java:1511)
... Removed 30 stack frames]]>
    </failure>
  </testcase> <!-- TC01 -->
  <testcase classname="testScripts.RechargeWallet" name="TC02" time="10.635"/>
  <testcase classname="testScripts.SuiteOne" name="addBooking" time="38.252">
    <failure type="org.openqa.selenium.UnhandledAlertException" message="unexpected alert open: {Alert text : You won’t be able to edit it, Are you sure?}
  (Session info: chrome=120.0.6099.225): You won’t be able to edit it, Are you sure?
Build info: version: &amp;apos;4.17.0&amp;apos;, revision: &amp;apos;e52b1be057*&amp;apos;
System info: os.name: &amp;apos;Windows 11&amp;apos;, os.arch: &amp;apos;amd64&amp;apos;, os.version: &amp;apos;10.0&amp;apos;, java.version: &amp;apos;19&amp;apos;
Driver info: org.openqa.selenium.chrome.ChromeDriver
Command: [302a36619b64ddc694a25740c034dc49, findElement {using=xpath, value=//input[@value=&amp;apos;Save&amp;apos;]}]
Capabilities {acceptInsecureCerts: false, browserName: chrome, browserVersion: 120.0.6099.225, chrome: {chromedriverVersion: 120.0.6099.109 (3419140ab66..., userDataDir: C:\Users\SIF-L\AppData\Loca...}, fedcm:accounts: true, goog:chromeOptions: {debuggerAddress: localhost:53703}, networkConnectionEnabled: false, pageLoadStrategy: normal, platformName: windows, proxy: Proxy(), se:cdp: ws://localhost:53703/devtoo..., se:cdpVersion: 120.0.6099.225, setWindowRect: true, strictFileInteractability: false, timeouts: {implicit: 0, pageLoad: 300000, script: 30000}, unhandledPromptBehavior: dismiss and notify, webauthn:extension:credBlob: true, webauthn:extension:largeBlob: true, webauthn:extension:minPinLength: true, webauthn:extension:prf: true, webauthn:virtualAuthenticators: true}
Session ID: 302a36619b64ddc694a25740c034dc49">
      <![CDATA[org.openqa.selenium.UnhandledAlertException: unexpected alert open: {Alert text : You won’t be able to edit it, Are you sure?}
  (Session info: chrome=120.0.6099.225): You won’t be able to edit it, Are you sure?
Build info: version: '4.17.0', revision: 'e52b1be057*'
System info: os.name: 'Windows 11', os.arch: 'amd64', os.version: '10.0', java.version: '19'
Driver info: org.openqa.selenium.chrome.ChromeDriver
Command: [302a36619b64ddc694a25740c034dc49, findElement {using=xpath, value=//input[@value='Save']}]
Capabilities {acceptInsecureCerts: false, browserName: chrome, browserVersion: 120.0.6099.225, chrome: {chromedriverVersion: 120.0.6099.109 (3419140ab66..., userDataDir: C:\Users\SIF-L\AppData\Loca...}, fedcm:accounts: true, goog:chromeOptions: {debuggerAddress: localhost:53703}, networkConnectionEnabled: false, pageLoadStrategy: normal, platformName: windows, proxy: Proxy(), se:cdp: ws://localhost:53703/devtoo..., se:cdpVersion: 120.0.6099.225, setWindowRect: true, strictFileInteractability: false, timeouts: {implicit: 0, pageLoad: 300000, script: 30000}, unhandledPromptBehavior: dismiss and notify, webauthn:extension:credBlob: true, webauthn:extension:largeBlob: true, webauthn:extension:minPinLength: true, webauthn:extension:prf: true, webauthn:virtualAuthenticators: true}
Session ID: 302a36619b64ddc694a25740c034dc49
at org.openqa.selenium.remote.codec.w3c.W3CHttpResponseCodec.decode(W3CHttpResponseCodec.java:132)
at org.openqa.selenium.remote.codec.w3c.W3CHttpResponseCodec.decode(W3CHttpResponseCodec.java:51)
at org.openqa.selenium.remote.HttpCommandExecutor.execute(HttpCommandExecutor.java:190)
at org.openqa.selenium.remote.service.DriverCommandExecutor.invokeExecute(DriverCommandExecutor.java:216)
at org.openqa.selenium.remote.service.DriverCommandExecutor.execute(DriverCommandExecutor.java:174)
at org.openqa.selenium.remote.RemoteWebDriver.execute(RemoteWebDriver.java:519)
at org.openqa.selenium.remote.ElementLocation$ElementFinder$2.findElement(ElementLocation.java:165)
at org.openqa.selenium.remote.ElementLocation.findElement(ElementLocation.java:59)
at org.openqa.selenium.remote.RemoteWebDriver.findElement(RemoteWebDriver.java:356)
at org.openqa.selenium.remote.RemoteWebDriver.findElement(RemoteWebDriver.java:350)
at org.openqa.selenium.support.pagefactory.DefaultElementLocator.findElement(DefaultElementLocator.java:68)
at org.openqa.selenium.support.pagefactory.internal.LocatingElementHandler.invoke(LocatingElementHandler.java:38)
at jdk.proxy2/jdk.proxy2.$Proxy12.isDisplayed(Unknown Source)
at org.openqa.selenium.support.ui.ExpectedConditions.elementIfVisible(ExpectedConditions.java:304)
at org.openqa.selenium.support.ui.ExpectedConditions$10.apply(ExpectedConditions.java:290)
at org.openqa.selenium.support.ui.ExpectedConditions$10.apply(ExpectedConditions.java:287)
at org.openqa.selenium.support.ui.FluentWait.until(FluentWait.java:203)
at pom.beyondwalls.utility.ReusableUtils.waitUntilVisiblity(ReusableUtils.java:161)
at pom.userActions.AddBooking.submitForm(AddBooking.java:135)
at testScripts.SuiteOne.addBooking(SuiteOne.java:84)
at java.base/java.util.ArrayList.forEach(ArrayList.java:1511)
... Removed 25 stack frames]]>
    </failure>
  </testcase> <!-- addBooking -->
  <testcase classname="testScripts.SuiteOne" name="addWalkIn" time="28.012"/>
  <testcase classname="testScripts.SuiteOne" name="conductWalkin" time="31.467"/>
  <testcase classname="testScripts.SuiteOne" name="logIn" time="19.449"/>
  <testcase classname="testScripts.FiltersonBrokeragePage" name="TC01" time="16.687"/>
  <testcase classname="testScripts.CPuserRegistration2_Delete" name="cpOnboardingwithExisting" time="20.521"/>
  <testcase classname="testScripts.CPuserRegistration2_Delete" name="cpOnboardingwithNew2" time="47.93"/>
  <testcase classname="testScripts.CphActions" name="bookingActions" time="89.246">
    <failure type="org.openqa.selenium.TimeoutException" message="Expected condition failed: waiting for element to be clickable: [[ChromeDriver: chrome on windows (678e2cb22f9eb0649a0f822d4631524a)] -&amp;gt; xpath: //a[contains(text(), &amp;apos;Booking Details&amp;apos;)]] (tried for 5 second(s) with 500 milliseconds interval)
Build info: version: &amp;apos;4.17.0&amp;apos;, revision: &amp;apos;e52b1be057*&amp;apos;
System info: os.name: &amp;apos;Windows 11&amp;apos;, os.arch: &amp;apos;amd64&amp;apos;, os.version: &amp;apos;10.0&amp;apos;, java.version: &amp;apos;19&amp;apos;
Driver info: org.openqa.selenium.chrome.ChromeDriver
Capabilities {acceptInsecureCerts: false, browserName: chrome, browserVersion: 120.0.6099.225, chrome: {chromedriverVersion: 120.0.6099.109 (3419140ab66..., userDataDir: C:\Users\SIF-L\AppData\Loca...}, fedcm:accounts: true, goog:chromeOptions: {debuggerAddress: localhost:54224}, networkConnectionEnabled: false, pageLoadStrategy: normal, platformName: windows, proxy: Proxy(), se:cdp: ws://localhost:54224/devtoo..., se:cdpVersion: 120.0.6099.225, setWindowRect: true, strictFileInteractability: false, timeouts: {implicit: 0, pageLoad: 300000, script: 30000}, unhandledPromptBehavior: dismiss and notify, webauthn:extension:credBlob: true, webauthn:extension:largeBlob: true, webauthn:extension:minPinLength: true, webauthn:extension:prf: true, webauthn:virtualAuthenticators: true}
Session ID: 678e2cb22f9eb0649a0f822d4631524a">
      <![CDATA[org.openqa.selenium.TimeoutException: Expected condition failed: waiting for element to be clickable: [[ChromeDriver: chrome on windows (678e2cb22f9eb0649a0f822d4631524a)] -> xpath: //a[contains(text(), 'Booking Details')]] (tried for 5 second(s) with 500 milliseconds interval)
Build info: version: '4.17.0', revision: 'e52b1be057*'
System info: os.name: 'Windows 11', os.arch: 'amd64', os.version: '10.0', java.version: '19'
Driver info: org.openqa.selenium.chrome.ChromeDriver
Capabilities {acceptInsecureCerts: false, browserName: chrome, browserVersion: 120.0.6099.225, chrome: {chromedriverVersion: 120.0.6099.109 (3419140ab66..., userDataDir: C:\Users\SIF-L\AppData\Loca...}, fedcm:accounts: true, goog:chromeOptions: {debuggerAddress: localhost:54224}, networkConnectionEnabled: false, pageLoadStrategy: normal, platformName: windows, proxy: Proxy(), se:cdp: ws://localhost:54224/devtoo..., se:cdpVersion: 120.0.6099.225, setWindowRect: true, strictFileInteractability: false, timeouts: {implicit: 0, pageLoad: 300000, script: 30000}, unhandledPromptBehavior: dismiss and notify, webauthn:extension:credBlob: true, webauthn:extension:largeBlob: true, webauthn:extension:minPinLength: true, webauthn:extension:prf: true, webauthn:virtualAuthenticators: true}
Session ID: 678e2cb22f9eb0649a0f822d4631524a
at org.openqa.selenium.support.ui.WebDriverWait.timeoutException(WebDriverWait.java:84)
at org.openqa.selenium.support.ui.FluentWait.until(FluentWait.java:228)
at pom.beyondwalls.utility.ReusableUtils.waitUntilClickable(ReusableUtils.java:217)
at pom.userActions.ActionsFromCph.clickonBookingDetails(ActionsFromCph.java:118)
at testScripts.CphActions.bookingActions(CphActions.java:38)
at java.base/java.util.ArrayList.forEach(ArrayList.java:1511)
... Removed 25 stack frames]]>
    </failure>
  </testcase> <!-- bookingActions -->
  <testcase classname="testScripts.CphActions" name="walkinActions" time="15.075"/>
  <testcase classname="testScripts.AddBrokerageScheme" name="addWalkinBrokerage" time="17.149">
    <failure type="org.openqa.selenium.ElementNotInteractableException" message="element not interactable
  (Session info: chrome=120.0.6099.225)
Build info: version: &amp;apos;4.17.0&amp;apos;, revision: &amp;apos;e52b1be057*&amp;apos;
System info: os.name: &amp;apos;Windows 11&amp;apos;, os.arch: &amp;apos;amd64&amp;apos;, os.version: &amp;apos;10.0&amp;apos;, java.version: &amp;apos;19&amp;apos;
Driver info: org.openqa.selenium.chrome.ChromeDriver
Command: [d0d03ff1ddff843374293c497b680f1e, sendKeysToElement {id=C2A96AFAC15C92F367F1323E5795C01E_element_204, value=[Ljava.lang.CharSequence;@568514f}]
Capabilities {acceptInsecureCerts: false, browserName: chrome, browserVersion: 120.0.6099.225, chrome: {chromedriverVersion: 120.0.6099.109 (3419140ab66..., userDataDir: C:\Users\SIF-L\AppData\Loca...}, fedcm:accounts: true, goog:chromeOptions: {debuggerAddress: localhost:54413}, networkConnectionEnabled: false, pageLoadStrategy: normal, platformName: windows, proxy: Proxy(), se:cdp: ws://localhost:54413/devtoo..., se:cdpVersion: 120.0.6099.225, setWindowRect: true, strictFileInteractability: false, timeouts: {implicit: 0, pageLoad: 300000, script: 30000}, unhandledPromptBehavior: dismiss and notify, webauthn:extension:credBlob: true, webauthn:extension:largeBlob: true, webauthn:extension:minPinLength: true, webauthn:extension:prf: true, webauthn:virtualAuthenticators: true}
Element: [[ChromeDriver: chrome on windows (d0d03ff1ddff843374293c497b680f1e)] -&amp;gt; xpath: (//div[@class=&amp;apos;selectize-input items required full has-options has-items&amp;apos;])[1]]
Session ID: d0d03ff1ddff843374293c497b680f1e">
      <![CDATA[org.openqa.selenium.ElementNotInteractableException: element not interactable
  (Session info: chrome=120.0.6099.225)
Build info: version: '4.17.0', revision: 'e52b1be057*'
System info: os.name: 'Windows 11', os.arch: 'amd64', os.version: '10.0', java.version: '19'
Driver info: org.openqa.selenium.chrome.ChromeDriver
Command: [d0d03ff1ddff843374293c497b680f1e, sendKeysToElement {id=C2A96AFAC15C92F367F1323E5795C01E_element_204, value=[Ljava.lang.CharSequence;@568514f}]
Capabilities {acceptInsecureCerts: false, browserName: chrome, browserVersion: 120.0.6099.225, chrome: {chromedriverVersion: 120.0.6099.109 (3419140ab66..., userDataDir: C:\Users\SIF-L\AppData\Loca...}, fedcm:accounts: true, goog:chromeOptions: {debuggerAddress: localhost:54413}, networkConnectionEnabled: false, pageLoadStrategy: normal, platformName: windows, proxy: Proxy(), se:cdp: ws://localhost:54413/devtoo..., se:cdpVersion: 120.0.6099.225, setWindowRect: true, strictFileInteractability: false, timeouts: {implicit: 0, pageLoad: 300000, script: 30000}, unhandledPromptBehavior: dismiss and notify, webauthn:extension:credBlob: true, webauthn:extension:largeBlob: true, webauthn:extension:minPinLength: true, webauthn:extension:prf: true, webauthn:virtualAuthenticators: true}
Element: [[ChromeDriver: chrome on windows (d0d03ff1ddff843374293c497b680f1e)] -> xpath: (//div[@class='selectize-input items required full has-options has-items'])[1]]
Session ID: d0d03ff1ddff843374293c497b680f1e
at org.openqa.selenium.remote.codec.w3c.W3CHttpResponseCodec.createException(W3CHttpResponseCodec.java:185)
at org.openqa.selenium.remote.codec.w3c.W3CHttpResponseCodec.decode(W3CHttpResponseCodec.java:134)
at org.openqa.selenium.remote.codec.w3c.W3CHttpResponseCodec.decode(W3CHttpResponseCodec.java:51)
at org.openqa.selenium.remote.HttpCommandExecutor.execute(HttpCommandExecutor.java:190)
at org.openqa.selenium.remote.service.DriverCommandExecutor.invokeExecute(DriverCommandExecutor.java:216)
at org.openqa.selenium.remote.service.DriverCommandExecutor.execute(DriverCommandExecutor.java:174)
at org.openqa.selenium.remote.RemoteWebDriver.execute(RemoteWebDriver.java:519)
at org.openqa.selenium.remote.RemoteWebElement.execute(RemoteWebElement.java:223)
at org.openqa.selenium.remote.RemoteWebElement.sendKeys(RemoteWebElement.java:110)
at org.openqa.selenium.support.pagefactory.internal.LocatingElementHandler.invoke(LocatingElementHandler.java:51)
at jdk.proxy2/jdk.proxy2.$Proxy12.sendKeys(Unknown Source)
at pom.userActions.addBrokerageScheme.selectResource(addBrokerageScheme.java:135)
at testScripts.AddBrokerageScheme.addWalkinBrokerage(AddBrokerageScheme.java:37)
at java.base/java.util.ArrayList.forEach(ArrayList.java:1511)
... Removed 30 stack frames]]>
    </failure>
  </testcase> <!-- addWalkinBrokerage -->
  <testcase classname="testScripts.AddBrokerageScheme" name="addbothBrokerages" time="17.672">
    <failure type="org.openqa.selenium.ElementNotInteractableException" message="element not interactable
  (Session info: chrome=120.0.6099.225)
Build info: version: &amp;apos;4.17.0&amp;apos;, revision: &amp;apos;e52b1be057*&amp;apos;
System info: os.name: &amp;apos;Windows 11&amp;apos;, os.arch: &amp;apos;amd64&amp;apos;, os.version: &amp;apos;10.0&amp;apos;, java.version: &amp;apos;19&amp;apos;
Driver info: org.openqa.selenium.chrome.ChromeDriver
Command: [55cf89defc29022520ccec2684909e6e, sendKeysToElement {id=92FD920156310DEE80BB70A96FAF1DC7_element_224, value=[Ljava.lang.CharSequence;@2d0a7a6}]
Capabilities {acceptInsecureCerts: false, browserName: chrome, browserVersion: 120.0.6099.225, chrome: {chromedriverVersion: 120.0.6099.109 (3419140ab66..., userDataDir: C:\Users\SIF-L\AppData\Loca...}, fedcm:accounts: true, goog:chromeOptions: {debuggerAddress: localhost:54498}, networkConnectionEnabled: false, pageLoadStrategy: normal, platformName: windows, proxy: Proxy(), se:cdp: ws://localhost:54498/devtoo..., se:cdpVersion: 120.0.6099.225, setWindowRect: true, strictFileInteractability: false, timeouts: {implicit: 0, pageLoad: 300000, script: 30000}, unhandledPromptBehavior: dismiss and notify, webauthn:extension:credBlob: true, webauthn:extension:largeBlob: true, webauthn:extension:minPinLength: true, webauthn:extension:prf: true, webauthn:virtualAuthenticators: true}
Element: [[ChromeDriver: chrome on windows (55cf89defc29022520ccec2684909e6e)] -&amp;gt; xpath: (//div[@class=&amp;apos;selectize-input items required full has-options has-items&amp;apos;])[1]]
Session ID: 55cf89defc29022520ccec2684909e6e">
      <![CDATA[org.openqa.selenium.ElementNotInteractableException: element not interactable
  (Session info: chrome=120.0.6099.225)
Build info: version: '4.17.0', revision: 'e52b1be057*'
System info: os.name: 'Windows 11', os.arch: 'amd64', os.version: '10.0', java.version: '19'
Driver info: org.openqa.selenium.chrome.ChromeDriver
Command: [55cf89defc29022520ccec2684909e6e, sendKeysToElement {id=92FD920156310DEE80BB70A96FAF1DC7_element_224, value=[Ljava.lang.CharSequence;@2d0a7a6}]
Capabilities {acceptInsecureCerts: false, browserName: chrome, browserVersion: 120.0.6099.225, chrome: {chromedriverVersion: 120.0.6099.109 (3419140ab66..., userDataDir: C:\Users\SIF-L\AppData\Loca...}, fedcm:accounts: true, goog:chromeOptions: {debuggerAddress: localhost:54498}, networkConnectionEnabled: false, pageLoadStrategy: normal, platformName: windows, proxy: Proxy(), se:cdp: ws://localhost:54498/devtoo..., se:cdpVersion: 120.0.6099.225, setWindowRect: true, strictFileInteractability: false, timeouts: {implicit: 0, pageLoad: 300000, script: 30000}, unhandledPromptBehavior: dismiss and notify, webauthn:extension:credBlob: true, webauthn:extension:largeBlob: true, webauthn:extension:minPinLength: true, webauthn:extension:prf: true, webauthn:virtualAuthenticators: true}
Element: [[ChromeDriver: chrome on windows (55cf89defc29022520ccec2684909e6e)] -> xpath: (//div[@class='selectize-input items required full has-options has-items'])[1]]
Session ID: 55cf89defc29022520ccec2684909e6e
at org.openqa.selenium.remote.codec.w3c.W3CHttpResponseCodec.createException(W3CHttpResponseCodec.java:185)
at org.openqa.selenium.remote.codec.w3c.W3CHttpResponseCodec.decode(W3CHttpResponseCodec.java:134)
at org.openqa.selenium.remote.codec.w3c.W3CHttpResponseCodec.decode(W3CHttpResponseCodec.java:51)
at org.openqa.selenium.remote.HttpCommandExecutor.execute(HttpCommandExecutor.java:190)
at org.openqa.selenium.remote.service.DriverCommandExecutor.invokeExecute(DriverCommandExecutor.java:216)
at org.openqa.selenium.remote.service.DriverCommandExecutor.execute(DriverCommandExecutor.java:174)
at org.openqa.selenium.remote.RemoteWebDriver.execute(RemoteWebDriver.java:519)
at org.openqa.selenium.remote.RemoteWebElement.execute(RemoteWebElement.java:223)
at org.openqa.selenium.remote.RemoteWebElement.sendKeys(RemoteWebElement.java:110)
at org.openqa.selenium.support.pagefactory.internal.LocatingElementHandler.invoke(LocatingElementHandler.java:51)
at jdk.proxy2/jdk.proxy2.$Proxy12.sendKeys(Unknown Source)
at pom.userActions.addBrokerageScheme.selectResource(addBrokerageScheme.java:135)
at testScripts.AddBrokerageScheme.addbothBrokerages(AddBrokerageScheme.java:110)
at java.base/java.util.ArrayList.forEach(ArrayList.java:1511)
... Removed 30 stack frames]]>
    </failure>
  </testcase> <!-- addbothBrokerages -->
  <testcase classname="testScripts.AddBrokerageScheme" name="logIn" time="30.527"/>
  <testcase classname="testScripts.FiltersonWalkinPage" name="TC01" time="18.793">
    <failure type="org.openqa.selenium.TimeoutException" message="Expected condition failed: waiting for element to be clickable: [[ChromeDriver: chrome on windows (909ae930a90d0c3f8e2c97065c68cd86)] -&amp;gt; xpath: //input[@value=&amp;apos;Apply&amp;apos;]] (tried for 5 second(s) with 500 milliseconds interval)
Build info: version: &amp;apos;4.17.0&amp;apos;, revision: &amp;apos;e52b1be057*&amp;apos;
System info: os.name: &amp;apos;Windows 11&amp;apos;, os.arch: &amp;apos;amd64&amp;apos;, os.version: &amp;apos;10.0&amp;apos;, java.version: &amp;apos;19&amp;apos;
Driver info: org.openqa.selenium.chrome.ChromeDriver
Capabilities {acceptInsecureCerts: false, browserName: chrome, browserVersion: 120.0.6099.225, chrome: {chromedriverVersion: 120.0.6099.109 (3419140ab66..., userDataDir: C:\Users\SIF-L\AppData\Loca...}, fedcm:accounts: true, goog:chromeOptions: {debuggerAddress: localhost:54644}, networkConnectionEnabled: false, pageLoadStrategy: normal, platformName: windows, proxy: Proxy(), se:cdp: ws://localhost:54644/devtoo..., se:cdpVersion: 120.0.6099.225, setWindowRect: true, strictFileInteractability: false, timeouts: {implicit: 0, pageLoad: 300000, script: 30000}, unhandledPromptBehavior: dismiss and notify, webauthn:extension:credBlob: true, webauthn:extension:largeBlob: true, webauthn:extension:minPinLength: true, webauthn:extension:prf: true, webauthn:virtualAuthenticators: true}
Session ID: 909ae930a90d0c3f8e2c97065c68cd86">
      <![CDATA[org.openqa.selenium.TimeoutException: Expected condition failed: waiting for element to be clickable: [[ChromeDriver: chrome on windows (909ae930a90d0c3f8e2c97065c68cd86)] -> xpath: //input[@value='Apply']] (tried for 5 second(s) with 500 milliseconds interval)
Build info: version: '4.17.0', revision: 'e52b1be057*'
System info: os.name: 'Windows 11', os.arch: 'amd64', os.version: '10.0', java.version: '19'
Driver info: org.openqa.selenium.chrome.ChromeDriver
Capabilities {acceptInsecureCerts: false, browserName: chrome, browserVersion: 120.0.6099.225, chrome: {chromedriverVersion: 120.0.6099.109 (3419140ab66..., userDataDir: C:\Users\SIF-L\AppData\Loca...}, fedcm:accounts: true, goog:chromeOptions: {debuggerAddress: localhost:54644}, networkConnectionEnabled: false, pageLoadStrategy: normal, platformName: windows, proxy: Proxy(), se:cdp: ws://localhost:54644/devtoo..., se:cdpVersion: 120.0.6099.225, setWindowRect: true, strictFileInteractability: false, timeouts: {implicit: 0, pageLoad: 300000, script: 30000}, unhandledPromptBehavior: dismiss and notify, webauthn:extension:credBlob: true, webauthn:extension:largeBlob: true, webauthn:extension:minPinLength: true, webauthn:extension:prf: true, webauthn:virtualAuthenticators: true}
Session ID: 909ae930a90d0c3f8e2c97065c68cd86
at org.openqa.selenium.support.ui.WebDriverWait.timeoutException(WebDriverWait.java:84)
at org.openqa.selenium.support.ui.FluentWait.until(FluentWait.java:228)
at pom.beyondwalls.utility.ReusableUtils.waitUntilClickable(ReusableUtils.java:217)
at pom.userActions.FiltersonWalkinsListing.applyFilter(FiltersonWalkinsListing.java:197)
at testScripts.FiltersonWalkinPage.TC01(FiltersonWalkinPage.java:34)
at java.base/java.util.ArrayList.forEach(ArrayList.java:1511)
... Removed 25 stack frames]]>
    </failure>
  </testcase> <!-- TC01 -->
  <testcase classname="testScripts.AddNewProject" name="TC02" time="53.877">
    <failure type="org.openqa.selenium.NoSuchElementException" message="no such element: Unable to locate element: {&amp;quot;method&amp;quot;:&amp;quot;xpath&amp;quot;,&amp;quot;selector&amp;quot;:&amp;quot;(//li[contains(text(), &amp;apos;RERA Registration Number is already taken&amp;apos;)])[1]&amp;quot;}
  (Session info: chrome=120.0.6099.225)
For documentation on this error, please visit: https://www.selenium.dev/documentation/webdriver/troubleshooting/errors#no-such-element-exception
Build info: version: &amp;apos;4.17.0&amp;apos;, revision: &amp;apos;e52b1be057*&amp;apos;
System info: os.name: &amp;apos;Windows 11&amp;apos;, os.arch: &amp;apos;amd64&amp;apos;, os.version: &amp;apos;10.0&amp;apos;, java.version: &amp;apos;19&amp;apos;
Driver info: org.openqa.selenium.chrome.ChromeDriver
Command: [5f7ee7ebf5ebe94b4a5b6a64058a03cd, findElement {using=xpath, value=(//li[contains(text(), &amp;apos;RERA Registration Number is already taken&amp;apos;)])[1]}]
Capabilities {acceptInsecureCerts: false, browserName: chrome, browserVersion: 120.0.6099.225, chrome: {chromedriverVersion: 120.0.6099.109 (3419140ab66..., userDataDir: C:\Users\SIF-L\AppData\Loca...}, fedcm:accounts: true, goog:chromeOptions: {debuggerAddress: localhost:54710}, networkConnectionEnabled: false, pageLoadStrategy: normal, platformName: windows, proxy: Proxy(), se:cdp: ws://localhost:54710/devtoo..., se:cdpVersion: 120.0.6099.225, setWindowRect: true, strictFileInteractability: false, timeouts: {implicit: 0, pageLoad: 300000, script: 30000}, unhandledPromptBehavior: dismiss and notify, webauthn:extension:credBlob: true, webauthn:extension:largeBlob: true, webauthn:extension:minPinLength: true, webauthn:extension:prf: true, webauthn:virtualAuthenticators: true}
Session ID: 5f7ee7ebf5ebe94b4a5b6a64058a03cd">
      <![CDATA[org.openqa.selenium.NoSuchElementException: no such element: Unable to locate element: {"method":"xpath","selector":"(//li[contains(text(), 'RERA Registration Number is already taken')])[1]"}
  (Session info: chrome=120.0.6099.225)
For documentation on this error, please visit: https://www.selenium.dev/documentation/webdriver/troubleshooting/errors#no-such-element-exception
Build info: version: '4.17.0', revision: 'e52b1be057*'
System info: os.name: 'Windows 11', os.arch: 'amd64', os.version: '10.0', java.version: '19'
Driver info: org.openqa.selenium.chrome.ChromeDriver
Command: [5f7ee7ebf5ebe94b4a5b6a64058a03cd, findElement {using=xpath, value=(//li[contains(text(), 'RERA Registration Number is already taken')])[1]}]
Capabilities {acceptInsecureCerts: false, browserName: chrome, browserVersion: 120.0.6099.225, chrome: {chromedriverVersion: 120.0.6099.109 (3419140ab66..., userDataDir: C:\Users\SIF-L\AppData\Loca...}, fedcm:accounts: true, goog:chromeOptions: {debuggerAddress: localhost:54710}, networkConnectionEnabled: false, pageLoadStrategy: normal, platformName: windows, proxy: Proxy(), se:cdp: ws://localhost:54710/devtoo..., se:cdpVersion: 120.0.6099.225, setWindowRect: true, strictFileInteractability: false, timeouts: {implicit: 0, pageLoad: 300000, script: 30000}, unhandledPromptBehavior: dismiss and notify, webauthn:extension:credBlob: true, webauthn:extension:largeBlob: true, webauthn:extension:minPinLength: true, webauthn:extension:prf: true, webauthn:virtualAuthenticators: true}
Session ID: 5f7ee7ebf5ebe94b4a5b6a64058a03cd
at org.openqa.selenium.remote.codec.w3c.W3CHttpResponseCodec.createException(W3CHttpResponseCodec.java:185)
at org.openqa.selenium.remote.codec.w3c.W3CHttpResponseCodec.decode(W3CHttpResponseCodec.java:134)
at org.openqa.selenium.remote.codec.w3c.W3CHttpResponseCodec.decode(W3CHttpResponseCodec.java:51)
at org.openqa.selenium.remote.HttpCommandExecutor.execute(HttpCommandExecutor.java:190)
at org.openqa.selenium.remote.service.DriverCommandExecutor.invokeExecute(DriverCommandExecutor.java:216)
at org.openqa.selenium.remote.service.DriverCommandExecutor.execute(DriverCommandExecutor.java:174)
at org.openqa.selenium.remote.RemoteWebDriver.execute(RemoteWebDriver.java:519)
at org.openqa.selenium.remote.ElementLocation$ElementFinder$2.findElement(ElementLocation.java:165)
at org.openqa.selenium.remote.ElementLocation.findElement(ElementLocation.java:59)
at org.openqa.selenium.remote.RemoteWebDriver.findElement(RemoteWebDriver.java:356)
at org.openqa.selenium.remote.RemoteWebDriver.findElement(RemoteWebDriver.java:350)
at pom.userActions.AddProject.verifyingSameProjectName(AddProject.java:276)
at testScripts.AddNewProject.TC02(AddNewProject.java:70)
at java.base/java.util.ArrayList.forEach(ArrayList.java:1511)
... Removed 28 stack frames]]>
    </failure>
  </testcase> <!-- TC02 -->
  <testcase classname="testScripts.AddNewProject" name="TC03" time="59.697"/>
  <testcase classname="testScripts.AddNewProject" name="addProject" time="36.671"/>
</testsuite> <!-- Test -->
