<?xml version="1.0" encoding="UTF-8"?>
<testng-results ignored="0" total="1" passed="1" failed="0" skipped="0">
  <reporter-output>
  </reporter-output>
  <suite started-at="2024-02-01T15:42:40 IST" name="Default suite" finished-at="2024-02-01T15:43:08 IST" duration-ms="28029">
    <groups>
    </groups>
    <test started-at="2024-02-01T15:42:40 IST" name="Default test" finished-at="2024-02-01T15:43:08 IST" duration-ms="28029">
      <class name="test01.LocalFileUploadClass">
        <test-method is-config="true" signature="browserConfig()[pri:0, instance:test01.LocalFileUploadClass@31190526]" started-at="2024-02-01T15:42:40 IST" name="browserConfig" finished-at="2024-02-01T15:42:44 IST" duration-ms="3857" status="PASS">
          <reporter-output>
          </reporter-output>
        </test-method> <!-- browserConfig -->
        <test-method signature="logIn()[pri:0, instance:test01.LocalFileUploadClass@31190526]" started-at="2024-02-01T15:42:44 IST" name="logIn" finished-at="2024-02-01T15:43:08 IST" duration-ms="23982" status="PASS">
          <reporter-output>
          </reporter-output>
        </test-method> <!-- logIn -->
        <test-method is-config="true" signature="terminate()[pri:0, instance:test01.LocalFileUploadClass@31190526]" started-at="2024-02-01T15:43:08 IST" name="terminate" finished-at="2024-02-01T15:43:08 IST" duration-ms="134" status="PASS">
          <reporter-output>
          </reporter-output>
        </test-method> <!-- terminate -->
      </class> <!-- test01.LocalFileUploadClass -->
    </test> <!-- Default test -->
  </suite> <!-- Default suite -->
</testng-results>
