<?xml version="1.0" encoding="UTF-8"?>
<testng-results ignored="0" total="1" passed="1" failed="0" skipped="0">
  <reporter-output>
  </reporter-output>
  <suite started-at="2024-02-01T13:39:22 IST" name="Default suite" finished-at="2024-02-01T13:40:33 IST" duration-ms="71333">
    <groups>
    </groups>
    <test started-at="2024-02-01T13:39:22 IST" name="Default test" finished-at="2024-02-01T13:40:33 IST" duration-ms="71333">
      <class name="testScripts.CPuserRegistration">
        <test-method is-config="true" signature="browserConfig()[pri:0, instance:testScripts.CPuserRegistration@185a6e9]" started-at="2024-02-01T13:39:22 IST" name="browserConfig" finished-at="2024-02-01T13:39:29 IST" duration-ms="6659" status="PASS">
          <reporter-output>
          </reporter-output>
        </test-method> <!-- browserConfig -->
        <test-method signature="cpOnboardingwithNew()[pri:0, instance:testScripts.CPuserRegistration@185a6e9]" started-at="2024-02-01T13:39:29 IST" name="cpOnboardingwithNew" finished-at="2024-02-01T13:40:33 IST" duration-ms="64324" status="PASS">
          <reporter-output>
          </reporter-output>
        </test-method> <!-- cpOnboardingwithNew -->
        <test-method is-config="true" signature="terminate()[pri:0, instance:testScripts.CPuserRegistration@185a6e9]" started-at="2024-02-01T13:40:33 IST" name="terminate" finished-at="2024-02-01T13:40:33 IST" duration-ms="314" status="PASS">
          <reporter-output>
          </reporter-output>
        </test-method> <!-- terminate -->
      </class> <!-- testScripts.CPuserRegistration -->
    </test> <!-- Default test -->
  </suite> <!-- Default suite -->
</testng-results>
