<?xml version="1.0" encoding="UTF-8"?>
<testng-results ignored="0" total="1" passed="1" failed="0" skipped="0">
  <reporter-output>
  </reporter-output>
  <suite started-at="2024-01-30T15:26:34 IST" name="Default suite" finished-at="2024-01-30T15:27:02 IST" duration-ms="27792">
    <groups>
    </groups>
    <test started-at="2024-01-30T15:26:34 IST" name="Default test" finished-at="2024-01-30T15:27:02 IST" duration-ms="27792">
      <class name="testScripts.CPuserRegistration">
        <test-method is-config="true" signature="browserConfig()[pri:0, instance:testScripts.CPuserRegistration@185a6e9]" started-at="2024-01-30T15:26:34 IST" name="browserConfig" finished-at="2024-01-30T15:26:39 IST" duration-ms="4611" status="PASS">
          <reporter-output>
          </reporter-output>
        </test-method> <!-- browserConfig -->
        <test-method signature="cpOnboardingwithExisting()[pri:0, instance:testScripts.CPuserRegistration@185a6e9]" started-at="2024-01-30T15:26:39 IST" name="cpOnboardingwithExisting" finished-at="2024-01-30T15:27:02 IST" duration-ms="22876" status="PASS">
          <reporter-output>
          </reporter-output>
        </test-method> <!-- cpOnboardingwithExisting -->
        <test-method is-config="true" signature="terminate()[pri:0, instance:testScripts.CPuserRegistration@185a6e9]" started-at="2024-01-30T15:27:02 IST" name="terminate" finished-at="2024-01-30T15:27:02 IST" duration-ms="272" status="PASS">
          <reporter-output>
          </reporter-output>
        </test-method> <!-- terminate -->
      </class> <!-- testScripts.CPuserRegistration -->
    </test> <!-- Default test -->
  </suite> <!-- Default suite -->
</testng-results>
