<?xml version="1.0" encoding="UTF-8"?>
<testng-results ignored="0" total="1" passed="1" failed="0" skipped="0">
  <reporter-output>
  </reporter-output>
  <suite started-at="2024-02-05T14:04:09 IST" name="Default suite" finished-at="2024-02-05T14:04:27 IST" duration-ms="17925">
    <groups>
    </groups>
    <test started-at="2024-02-05T14:04:09 IST" name="Default test" finished-at="2024-02-05T14:04:27 IST" duration-ms="17925">
      <class name="userApprovalsinCompany.ApprovalofPartnerCompany">
        <test-method is-config="true" signature="browserConfig()[pri:0, instance:userApprovalsinCompany.ApprovalofPartnerCompany@1e800aaa]" started-at="2024-02-05T14:04:09 IST" name="browserConfig" finished-at="2024-02-05T14:04:13 IST" duration-ms="4711" status="PASS">
          <reporter-output>
          </reporter-output>
        </test-method> <!-- browserConfig -->
        <test-method signature="approveCompany()[pri:0, instance:userApprovalsinCompany.ApprovalofPartnerCompany@1e800aaa]" started-at="2024-02-05T14:04:13 IST" name="approveCompany" finished-at="2024-02-05T14:04:27 IST" duration-ms="13175" status="PASS">
          <reporter-output>
          </reporter-output>
        </test-method> <!-- approveCompany -->
        <test-method is-config="true" signature="terminate()[pri:0, instance:userApprovalsinCompany.ApprovalofPartnerCompany@1e800aaa]" started-at="2024-02-05T14:04:27 IST" name="terminate" finished-at="2024-02-05T14:04:27 IST" duration-ms="5" status="PASS">
          <reporter-output>
          </reporter-output>
        </test-method> <!-- terminate -->
      </class> <!-- userApprovalsinCompany.ApprovalofPartnerCompany -->
    </test> <!-- Default test -->
  </suite> <!-- Default suite -->
</testng-results>
